USER         PID %CPU %MEM    VSZ   RSS TTY      STAT START   TIME COMMAND
root           1  0.0  0.7 107436 15876 ?        Ss   16:46   0:03 /usr/lib/systemd/systemd --switched-root --system --deserialize 30
root           2  0.0  0.0      0     0 ?        S    16:46   0:00 [kthreadd]
root           3  0.0  0.0      0     0 ?        I<   16:46   0:00 [rcu_gp]
root           4  0.0  0.0      0     0 ?        I<   16:46   0:00 [rcu_par_gp]
root           6  0.0  0.0      0     0 ?        I<   16:46   0:00 [kworker/0:0H-kblockd]
root           9  0.0  0.0      0     0 ?        I<   16:46   0:00 [mm_percpu_wq]
root          10  0.0  0.0      0     0 ?        S    16:46   0:00 [ksoftirqd/0]
root          11  0.0  0.0      0     0 ?        I    16:46   0:00 [rcu_sched]
root          12  0.0  0.0      0     0 ?        S    16:46   0:00 [migration/0]
root          13  0.0  0.0      0     0 ?        S    16:46   0:00 [cpuhp/0]
root          14  0.0  0.0      0     0 ?        S    16:46   0:00 [kdevtmpfs]
root          15  0.0  0.0      0     0 ?        I<   16:46   0:00 [netns]
root          16  0.0  0.0      0     0 ?        S    16:46   0:00 [rcu_tasks_kthre]
root          17  0.0  0.0      0     0 ?        S    16:46   0:00 [kauditd]
root          18  0.0  0.0      0     0 ?        S    16:46   0:00 [oom_reaper]
root          19  0.0  0.0      0     0 ?        I<   16:46   0:00 [writeback]
root          20  0.0  0.0      0     0 ?        S    16:46   0:00 [kcompactd0]
root          21  0.0  0.0      0     0 ?        SN   16:46   0:00 [ksmd]
root          22  0.0  0.0      0     0 ?        SN   16:46   0:00 [khugepaged]
root          48  0.0  0.0      0     0 ?        I<   16:46   0:00 [cryptd]
root         129  0.0  0.0      0     0 ?        I<   16:46   0:00 [kintegrityd]
root         130  0.0  0.0      0     0 ?        I<   16:46   0:00 [kblockd]
root         131  0.0  0.0      0     0 ?        I<   16:46   0:00 [blkcg_punt_bio]
root         132  0.0  0.0      0     0 ?        I<   16:46   0:00 [tpm_dev_wq]
root         133  0.0  0.0      0     0 ?        I<   16:46   0:00 [ata_sff]
root         134  0.0  0.0      0     0 ?        I<   16:46   0:00 [md]
root         135  0.0  0.0      0     0 ?        I<   16:46   0:00 [edac-poller]
root         136  0.0  0.0      0     0 ?        I<   16:46   0:00 [devfreq_wq]
root         137  0.0  0.0      0     0 ?        S    16:46   0:00 [watchdogd]
root         138  0.0  0.0      0     0 ?        S    16:46   0:00 [kswapd0]
root         141  0.0  0.0      0     0 ?        I<   16:46   0:00 [kthrotld]
root         142  0.0  0.0      0     0 ?        S    16:46   0:00 [irq/24-pciehp]
root         143  0.0  0.0      0     0 ?        S    16:46   0:00 [irq/25-pciehp]
root         144  0.0  0.0      0     0 ?        S    16:46   0:00 [irq/26-pciehp]
root         145  0.0  0.0      0     0 ?        S    16:46   0:00 [irq/27-pciehp]
root         146  0.0  0.0      0     0 ?        S    16:46   0:00 [irq/28-pciehp]
root         147  0.0  0.0      0     0 ?        S    16:46   0:00 [irq/29-pciehp]
root         148  0.0  0.0      0     0 ?        S    16:46   0:00 [irq/30-pciehp]
root         149  0.0  0.0      0     0 ?        S    16:46   0:00 [irq/31-pciehp]
root         150  0.0  0.0      0     0 ?        S    16:46   0:00 [irq/32-pciehp]
root         151  0.0  0.0      0     0 ?        S    16:46   0:00 [irq/33-pciehp]
root         152  0.0  0.0      0     0 ?        S    16:46   0:00 [irq/34-pciehp]
root         153  0.0  0.0      0     0 ?        S    16:46   0:00 [irq/35-pciehp]
root         154  0.0  0.0      0     0 ?        S    16:46   0:00 [irq/36-pciehp]
root         155  0.0  0.0      0     0 ?        S    16:46   0:00 [irq/37-pciehp]
root         156  0.0  0.0      0     0 ?        S    16:46   0:00 [irq/38-pciehp]
root         157  0.0  0.0      0     0 ?        S    16:46   0:00 [irq/39-pciehp]
root         158  0.0  0.0      0     0 ?        S    16:46   0:00 [irq/40-pciehp]
root         159  0.0  0.0      0     0 ?        S    16:46   0:00 [irq/41-pciehp]
root         160  0.0  0.0      0     0 ?        S    16:46   0:00 [irq/42-pciehp]
root         161  0.0  0.0      0     0 ?        S    16:46   0:00 [irq/43-pciehp]
root         162  0.0  0.0      0     0 ?        S    16:46   0:00 [irq/44-pciehp]
root         163  0.0  0.0      0     0 ?        S    16:46   0:00 [irq/45-pciehp]
root         164  0.0  0.0      0     0 ?        S    16:46   0:00 [irq/46-pciehp]
root         165  0.0  0.0      0     0 ?        S    16:46   0:00 [irq/47-pciehp]
root         166  0.0  0.0      0     0 ?        S    16:46   0:00 [irq/48-pciehp]
root         167  0.0  0.0      0     0 ?        S    16:46   0:00 [irq/49-pciehp]
root         168  0.0  0.0      0     0 ?        S    16:46   0:00 [irq/50-pciehp]
root         169  0.0  0.0      0     0 ?        S    16:46   0:00 [irq/51-pciehp]
root         170  0.0  0.0      0     0 ?        S    16:46   0:00 [irq/52-pciehp]
root         171  0.0  0.0      0     0 ?        S    16:46   0:00 [irq/53-pciehp]
root         172  0.0  0.0      0     0 ?        S    16:46   0:00 [irq/54-pciehp]
root         173  0.0  0.0      0     0 ?        S    16:46   0:00 [irq/55-pciehp]
root         174  0.0  0.0      0     0 ?        I<   16:46   0:00 [acpi_thermal_pm]
root         175  0.0  0.0      0     0 ?        S    16:46   0:00 [scsi_eh_0]
root         176  0.0  0.0      0     0 ?        I<   16:46   0:00 [scsi_tmf_0]
root         177  0.0  0.0      0     0 ?        S    16:46   0:00 [scsi_eh_1]
root         178  0.0  0.0      0     0 ?        I<   16:46   0:00 [scsi_tmf_1]
root         179  0.0  0.0      0     0 ?        I    16:46   0:00 [kworker/u256:2-events_unbound]
root         181  0.0  0.0      0     0 ?        I<   16:46   0:00 [dm_bufio_cache]
root         182  0.0  0.0      0     0 ?        I<   16:46   0:00 [ipv6_addrconf]
root         189  0.0  0.0      0     0 ?        I<   16:46   0:00 [kstrp]
root         249  0.0  0.0      0     0 ?        I<   16:46   0:00 [zswap-shrink]
root         250  0.0  0.0      0     0 ?        I<   16:46   0:00 [kworker/u257:0]
root         309  0.0  0.0      0     0 ?        I<   16:46   0:00 [kworker/0:1H-kblockd]
root         433  0.0  0.0      0     0 ?        I<   16:46   0:00 [nvme-wq]
root         434  0.0  0.0      0     0 ?        I<   16:46   0:00 [nvme-reset-wq]
root         435  0.0  0.0      0     0 ?        I<   16:46   0:00 [nvme-delete-wq]
root         459  0.0  0.0      0     0 ?        S    16:46   0:00 [irq/16-vmwgfx]
root         460  0.0  0.0      0     0 ?        I<   16:46   0:00 [ttm_swap]
root         508  0.0  0.0      0     0 ?        I<   16:46   0:00 [kdmflush]
root         515  0.0  0.0      0     0 ?        I<   16:46   0:00 [kdmflush]
root         529  0.0  0.0      0     0 ?        I<   16:46   0:00 [xfsalloc]
root         530  0.0  0.0      0     0 ?        I<   16:46   0:00 [xfs_mru_cache]
root         531  0.0  0.0      0     0 ?        I<   16:46   0:00 [xfs-buf/dm-0]
root         532  0.0  0.0      0     0 ?        I<   16:46   0:00 [xfs-conv/dm-0]
root         533  0.0  0.0      0     0 ?        I<   16:46   0:00 [xfs-cil/dm-0]
root         534  0.0  0.0      0     0 ?        I<   16:46   0:00 [xfs-reclaim/dm-]
root         535  0.0  0.0      0     0 ?        I<   16:46   0:00 [xfs-eofblocks/d]
root         536  0.0  0.0      0     0 ?        I<   16:46   0:00 [xfs-log/dm-0]
root         537  0.0  0.0      0     0 ?        S    16:46   0:00 [xfsaild/dm-0]
root         624  0.0  1.4  54260 28868 ?        Ss   16:46   0:00 /usr/lib/systemd/systemd-journald
root         638  0.0  0.6  41976 13820 ?        Ss   16:47   0:00 /usr/lib/systemd/systemd-udevd
root         695  0.0  0.0      0     0 ?        I<   16:47   0:00 [xfs-buf/nvme0n1]
root         696  0.0  0.0      0     0 ?        I<   16:47   0:00 [xfs-conv/nvme0n]
root         697  0.0  0.0      0     0 ?        I<   16:47   0:00 [xfs-cil/nvme0n1]
root         698  0.0  0.0      0     0 ?        I<   16:47   0:00 [xfs-reclaim/nvm]
root         699  0.0  0.0      0     0 ?        I<   16:47   0:00 [xfs-eofblocks/n]
root         700  0.0  0.0      0     0 ?        I<   16:47   0:00 [xfs-log/nvme0n1]
root         701  0.0  0.0      0     0 ?        S    16:47   0:00 [xfsaild/nvme0n1]
root         721  0.0  0.0      0     0 ?        I<   16:47   0:00 [rpciod]
root         722  0.0  0.0      0     0 ?        I<   16:47   0:00 [xprtiod]
root         723  0.0  0.1 105056  2512 ?        S<sl 16:47   0:00 /sbin/auditd
root         725  0.0  0.1   6512  3348 ?        S<   16:47   0:00 /usr/sbin/sedispatch
root         752  0.0  0.5 387564 10380 ?        Ssl  16:47   0:00 /usr/sbin/ModemManager
root         753  0.0  0.9 621820 19804 ?        Ssl  16:47   0:00 /usr/sbin/NetworkManager --no-daemon
root         758  0.0  0.1  10812  2100 ?        Ss   16:47   0:00 /usr/sbin/mcelog --ignorenodev --daemon --foreground
root         759  0.0  0.3  91044  7868 ?        Ssl  16:47   0:03 /sbin/rngd -f
root         760  0.0  0.4 203276  9980 ?        Ssl  16:47   0:00 /usr/sbin/rsyslogd -n
root         761  0.0  0.2  10360  5128 ?        Ss   16:47   0:00 /usr/sbin/smartd -n -q never
root         762  0.0  0.5 253984 11576 ?        Ss   16:47   0:00 /usr/sbin/sssd -i --logger=files
root         763  0.0  0.4  19568  8864 ?        Ss   16:47   0:00 /usr/lib/systemd/systemd-homed
root         764  0.0  0.4 234380  9572 ?        Ss   16:47   0:00 /usr/bin/VGAuthService -s
root         765  0.1  0.4 382292  8668 ?        Ssl  16:47   0:05 /usr/bin/vmtoolsd
chrony       767  0.0  0.1  87048  2908 ?        S    16:47   0:00 /usr/sbin/chronyd
root         768  0.0  0.5 474540 11592 ?        Ssl  16:47   0:00 /usr/sbin/abrtd -d -s
dbus         769  0.0  0.2 277508  4852 ?        Ss   16:47   0:00 /usr/bin/dbus-broker-launch --scope system --audit
dbus         801  0.0  0.1   5676  3052 ?        S    16:47   0:00 dbus-broker --log 4 --controller 10 --machine-id cd0f78c0ac724cd4b1f93b1df42621af --max-bytes 536870912 --max-fds 4096 --max-matches 131072 --audit
root         807  0.0  0.6 254332 12208 ?        S    16:47   0:00 /usr/libexec/sssd/sssd_be --domain implicit_files --uid 0 --gid 0 --logger=files
root         831  0.0  1.8 267380 36016 ?        S    16:47   0:00 /usr/libexec/sssd/sssd_nss --uid 0 --gid 0 --logger=files
root         835  0.0  0.1 263984  3616 ?        Ssl  16:47   0:00 /usr/sbin/gssproxy -D
root         842  0.0  0.3  26712  7160 ?        Ss   16:47   0:00 /usr/sbin/sshd -D -oCiphers=aes256-gcm@openssh.com,chacha20-poly1305@openssh.com,aes256-ctr,aes256-cbc,aes128-gcm@openssh.com,aes128-ctr,aes128-cbc -oMACs=hmac-sha2-256-etm@openssh.com,hmac-sha1-etm@openssh.com,umac-128-etm@openssh.com,hmac-sha2-512-etm@openssh.com,hmac-sha2-256,hmac-sha1,umac-128@openssh.com,hmac-sha2-512 -oGSSAPIKexAlgorithms=gss-gex-sha1-,gss-group14-sha1- -oKexAlgorithms=curve25519-sha256,curve25519-sha256@libssh.org,ecdh-sha2-nistp256,ecdh-sha2-nistp384,ecdh-sha2-nistp521,diffie-hellman-group-exchange-sha256,diffie-hellman-group14-sha256,diffie-hellman-group16-sha512,diffie-hellman-group18-sha512,diffie-hellman-group-exchange-sha1,diffie-hellman-group14-sha1 -oHostKeyAlgorithms=rsa-sha2-256,rsa-sha2-256-cert-v01@openssh.com,ecdsa-sha2-nistp256,ecdsa-sha2-nistp256-cert-v01@openssh.com,ecdsa-sha2-nistp384,ecdsa-sha2-nistp384-cert-v01@openssh.com,rsa-sha2-512,rsa-sha2-512-cert-v01@openssh.com,ecdsa-sha2-nistp521,ecdsa-sha2-nistp521-cert-v01@openssh.com,ssh-ed25519,ssh-ed25519-cert-v01@openssh.com,ssh-rsa,ssh-rsa-cert-v01@openssh.com -oPubkeyAcceptedKeyTypes=rsa-sha2-256,rsa-sha2-256-cert-v01@openssh.com,ecdsa-sha2-nistp256,ecdsa-sha2-nistp256-cert-v01@openssh.com,ecdsa-sha2-nistp384,ecdsa-sha2-nistp384-cert-v01@openssh.com,rsa-sha2-512,rsa-sha2-512-cert-v01@openssh.com,ecdsa-sha2-nistp521,ecdsa-sha2-nistp521-cert-v01@openssh.com,ssh-ed25519,ssh-ed25519-cert-v01@openssh.com,ssh-rsa,ssh-rsa-cert-v01@openssh.com -oCASignatureAlgorithms=rsa-sha2-256,ecdsa-sha2-nistp256,ecdsa-sha2-nistp384,rsa-sha2-512,ecdsa-sha2-nistp521,ssh-ed25519,ssh-rsa -oPermitRootLogin=yes
root         844  0.0  0.6 271632 12188 ?        Ss   16:47   0:00 /usr/bin/abrt-dump-journal-core -D -T -f -e
root         847  0.0  0.7 296204 15168 ?        Ss   16:47   0:00 /usr/bin/abrt-dump-journal-oops -fxtD
root         852  0.0  0.6 263440 12052 ?        Ss   16:47   0:00 /usr/bin/abrt-dump-journal-xorg -fxtD
root         869  0.0  0.5  21280 10964 ?        Ss   16:47   0:00 /usr/lib/systemd/systemd-logind
mysql        904  0.0  4.0 1238512 80644 ?       Ssl  16:47   0:01 /usr/libexec/mysqld --basedir=/usr
polkitd      927  0.0  1.0 1541768 20968 ?       Ssl  16:47   0:00 /usr/lib/polkit-1/polkitd --no-debug
root         943  0.0  0.1  18244  2456 ?        Ss   16:47   0:00 /usr/sbin/atd -f
root         949  0.0  0.0 222008  1700 tty1     Ss+  16:47   0:00 /sbin/agetty -o -p -- \u --noclear tty1 linux
root         956  0.0  0.0  18836   380 ?        Ss   16:47   0:00 nginx: master process /usr/local/nginx/sbin/nginx -c /usr/local/nginx/conf/nginx.conf
nobody       957  0.0  0.1  29872  2776 ?        S    16:47   0:00 nginx: worker process
root        1037  0.0  0.4  38824  9712 ?        Ss   16:48   0:00 sshd: root [priv]
root        1041  0.0  0.3  19032  7964 ?        Ss   16:48   0:00 /usr/lib/systemd/systemd-userdbd
root        1046  0.0  0.5  21180 11172 ?        Ss   16:48   0:00 /usr/lib/systemd/systemd --user
root        1048  0.0  0.2 118568  5672 ?        S    16:48   0:00 (sd-pam)
root        1054  0.0  0.2  38824  4736 ?        S    16:48   0:00 sshd: root@pts/0
root        1055  0.0  0.2 226384  5568 pts/0    Ss   16:48   0:00 -bash
root        4077  0.0  0.0      0     0 ?        I    16:57   0:00 [kworker/u256:0-flush-253:0]
root        4118  0.0  0.0      0     0 ?        I    17:14   0:03 [kworker/0:2-events_power_efficient]
root        4265  0.0  0.0      0     0 ?        I    18:09   0:00 [kworker/0:1-ata_sff]
root        4308  0.0  0.0      0     0 ?        I    18:15   0:00 [kworker/0:0-ata_sff]
root        4310  0.0  0.4  19048  8016 ?        S    18:18   0:00 systemd-userwork
root        4311  0.0  0.4  19048  8036 ?        S    18:18   0:00 systemd-userwork
root        4312  0.0  0.4  19048  8012 ?        S    18:18   0:00 systemd-userwork
root        4329  6.0  0.1 227136  3712 pts/0    R+   18:20   0:00 ps aux
